Timestamp, %CPU, %MEM, Free Memory, Buffer/Cache
2024-07-18 13:40:55,54.6,0.0
2131.8,904.1
2024-07-18 13:41:25,55.9,0.0
2132.0,903.5
2024-07-18 13:41:55,51.5,0.0
2126.3,909.3
2024-07-18 13:42:25,51.6,0.0
2127.1,908.5
2024-07-18 13:42:55,55.9,0.0
2119.8,915.7
2024-07-18 13:43:26,51.6,0.0
2138.1,897.2
2024-07-18 13:43:56,51.4,0.0
2133.8,901.7
2024-07-18 13:44:26,50,0.0
2133.4,902.0
2024-07-18 13:44:56,53.1,0.0
2134.8,900.3
2024-07-18 13:45:26,54.6,0.0
2128.8,906.4
2024-07-18 13:45:57,51.7,0.0
2133.0,902.4
2024-07-18 13:46:27,48.5,0.0
2132.6,902.3
2024-07-18 13:46:57,54.3,0.0
2127.6,907.6
2024-07-18 13:47:27,50,0.0
2127.5,907.2
2024-07-18 13:47:57,51.5,0.0
2126.4,908.5
2024-07-18 13:48:27,51.5,0.0
2132.1,903.0
2024-07-18 13:48:58,53.1,0.0
2137.1,897.8
2024-07-18 13:49:28,50,0.0
2136.5,897.9
2024-07-18 13:49:58,52.9,0.0
2136.0,898.6
2024-07-18 13:50:28,53.1,0.0
2131.9,902.9
2024-07-18 13:50:58,48.5,0.0
2132.3,902.3
2024-07-18 13:51:28,51.5,0.0
2137.6,896.9
2024-07-18 13:51:59,53.1,0.0
2134.5,899.7
2024-07-18 13:52:29,53.1,0.0
2130.6,903.9
2024-07-18 13:52:59,87.6,0.0
2133.7,900.3
2024-07-18 13:53:29,53.1,0.0
2132.2,902.1
2024-07-18 13:53:59,51.6,0.0
2129.2,904.7
2024-07-18 13:54:30,53.1,0.0
2121.4,912.7
2024-07-18 13:55:00,53.1,0.0
2128.0,906.2
2024-07-18 13:55:30,51.5,0.0
2127.0,906.8
2024-07-18 13:56:00,51.6,0.0
2125.4,908.6
2024-07-18 13:56:30,53.1,0.0
2134.0,899.9
2024-07-18 13:57:00,48.5,0.0
2122.5,911.6
2024-07-18 13:57:31,51.4,0.0
2131.6,902.3
2024-07-18 13:58:01,50,0.0
2132.4,901.1
2024-07-18 13:58:31,52.9,0.0
2132.0,901.6
2024-07-18 13:59:01,52.9,0.0
2126.4,907.3
2024-07-18 13:59:31,51.5,0.0
2126.7,906.6
2024-07-18 14:00:01,51.6,0.0
2133.2,900.3
2024-07-18 14:00:32,51.6,0.0
2131.0,902.5
2024-07-18 14:01:02,51.6,0.0
2126.0,907.6
2024-07-18 14:01:32,51.6,0.0
2125.9,907.3
2024-07-18 14:02:02,50,0.0
2129.0,904.5
2024-07-18 14:02:32,55.9,0.0
2130.1,902.8
2024-07-18 14:03:02,51.6,0.0
2126.0,907.3
2024-07-18 14:03:33,50,0.0
2126.0,907.5
2024-07-18 14:04:03,51.5,0.0
2128.6,904.4
2024-07-18 14:04:33,51.6,0.0
2128.7,904.4
2024-07-18 14:05:03,53,0.0
2127.1,906.1
2024-07-18 14:05:33,51.6,0.0
2123.8,909.0
2024-07-18 14:06:04,52.9,0.0
2128.1,904.8
2024-07-18 14:06:34,51.6,0.0
2129.7,903.2
2024-07-18 14:07:04,50,0.0
2128.5,904.0
2024-07-18 14:07:34,51.6,0.0
2129.2,903.6
2024-07-18 14:08:04,50,0.0
2129.4,903.4
2024-07-18 14:08:34,54,0.0
2134.3,898.2
2024-07-18 14:09:05,5.8,0.0
2271.9,760.3
2024-07-18 14:09:35,5.8,0.0
2268.2,764.0
2024-07-18 14:10:05,5.8,0.0
2268.2,764.0
2024-07-18 14:10:35,8.6,0.0
2268.2,764.0
2024-07-18 14:11:05,5.7,0.0
2268.2,764.0
2024-07-18 14:11:36,5.8,0.0
2268.2,764.0
2024-07-18 14:12:06,8.3,0.0
2268.2,764.0
2024-07-18 14:12:36,8.4,0.0
2268.2,764.0
