[1;92m[+] [0mEnabled environment variable AFL_BENCH_UNTIL_CRASH with value 1[0m
[1;92m[+] [0mEnabled environment variable AFL_I_DONT_CARE_ABOUT_MISSING_CRASHES with value 1[0m
[1;92m[+] [0mEnabled environment variable AFL_SKIP_CPUFREQ with value 1[0m
[0;36mafl-fuzz++4.22a[0m based on afl by Michal Zalewski and a large online community
[1;92m[+] [0mAFL++ is maintained by Marc "van Hauser" Heuse, Dominik Maier, Andrea Fioraldi and Heiko "hexcoder" Eißfeldt[0m
[1;92m[+] [0mAFL++ is open source, get it at https://github.com/AFLplusplus/AFLplusplus[0m
[1;92m[+] [0mNOTE: AFL++ >= v3 has changed defaults and behaviours - see README.md[0m
[1;92m[+] [0mNo -M/-S set, autoconfiguring for "-S default"[0m
[1;94m[*] [0mGetting to work...[0m
[1;92m[+] [0mUsing exploration-based constant power schedule (EXPLORE)[0m
[1;92m[+] [0mEnabled testcache with 50 MB[0m
[1;92m[+] [0mGenerating fuzz data with a length of min=1 max=1048576[0m
[1;94m[*] [0mChecking core_pattern...[0m

[1;91m[-] [0mHmm, your system is configured to send core dump notifications to an
    external utility. This will cause issues: there will be an extended delay
    between stumbling upon a crash and having this information relayed to the
    fuzzer via the standard waitpid() API.
    If you're just testing, set 'AFL_I_DONT_CARE_ABOUT_MISSING_CRASHES=1'.

    To avoid having crashes misinterpreted as timeouts, please log in as root
    and temporarily modify /proc/sys/kernel/core_pattern, like so:

    echo core >/proc/sys/kernel/core_pattern
[1;92m[+] [0mLooks like we're not running on a tty, so I'll be a bit less verbose.[0m
[1;92m[+] [0mYou have 2 CPU cores and 3 runnable tasks (utilization: 150%).[0m
[1;94m[*] [0mSetting up output directories...[0m
[1;94m[*] [0mChecking CPU core loadout...[0m
[1;92m[+] [0mFound a free CPU core, try binding to #1.[0m
[1;94m[*] [0mScanning '/home/ghada/Improved_EBF2/EBF_Results/sigma.c_331/CORPUS_sigma.c'...[0m
[1;92m[+] [0mLoaded a total of 1 seeds.[0m
[1;94m[*] [0mCreating hard links for all input files...[0m
[1;94m[*] [0mValidating target binary...[0m
[1;94m[*] [0mSpinning up the fork server...[0m
[1;92m[+] [0mAll right - new fork server model v1 is up.[0m
[1;94m[*] [0mTarget map size: 17[0m
[1;94m[*] [0mNo auto-generated dictionary tokens to reuse.[0m
[1;94m[*] [0mAttempting dry run with 'id:000000,time:0,execs:0,orig:id-1'...[0m

[1;91m[-] [0mOops, the program crashed with one of the test cases provided. There are
    several possible explanations:

    - The test case causes known crashes under normal working conditions. If
      so, please remove it. The fuzzer should be seeded with interesting
      inputs - but not ones that cause an outright crash.

    - In QEMU persistent mode the selected address(es) for the loop are not
      properly cleaning up variables and memory. Try adding
      AFL_QEMU_PERSISTENT_GPR=1 or select better addresses in the binary.

    - Least likely, there is a horrible bug in the fuzzer. If other options
      fail, poke the Awesome Fuzzing Discord for troubleshooting tips.
[1;93m[!] [1;97mWARNING: [0mTest case 'id:000000,time:0,execs:0,orig:id-1' results in a crash, skipping[0m
[1;92m[+] [0mAll test cases processed.[0m
[?25h[0m[1;91m
[-] PROGRAM ABORT : [0mWe need at least one valid input seed that does not crash![1;91m
         Location : [0mmain(), src/afl-fuzz.c:2500

